src/App.tsx(1,1): error TS6133: 'React' is declared but its value is never read.
src/components/EducationForm.tsx(1,1): error TS6133: 'React' is declared but its value is never read.
src/components/EducationForm.tsx(3,26): error TS7031: Binding element 'education' implicitly has an 'any' type.
src/components/EducationForm.tsx(3,37): error TS7031: Binding element 'handleEducationChange' implicitly has an 'any' type.
src/components/EducationForm.tsx(3,60): error TS7031: Binding element 'addEducation' implicitly has an 'any' type.
src/components/EducationForm.tsx(3,74): error TS7031: Binding element 'removeEducation' implicitly has an 'any' type.
src/components/EducationForm.tsx(8,23): error TS7006: Parameter 'edu' implicitly has an 'any' type.
src/components/EducationForm.tsx(8,28): error TS7006: Parameter 'index' implicitly has an 'any' type.
src/components/ExperienceForm.tsx(1,1): error TS6133: 'React' is declared but its value is never read.
src/components/ExperienceForm.tsx(3,27): error TS7031: Binding element 'experience' implicitly has an 'any' type.
src/components/ExperienceForm.tsx(3,39): error TS7031: Binding element 'handleExperienceChange' implicitly has an 'any' type.
src/components/ExperienceForm.tsx(3,63): error TS7031: Binding element 'addExperience' implicitly has an 'any' type.
src/components/ExperienceForm.tsx(3,78): error TS7031: Binding element 'removeExperience' implicitly has an 'any' type.
src/components/ExperienceForm.tsx(8,24): error TS7006: Parameter 'exp' implicitly has an 'any' type.
src/components/ExperienceForm.tsx(8,29): error TS7006: Parameter 'index' implicitly has an 'any' type.
src/components/Navbar.tsx(1,8): error TS6133: 'React' is declared but its value is never read.
src/components/Navbar.tsx(6,11): error TS2339: Property 'user' does not exist on type 'unknown'.
src/components/Navbar.tsx(6,17): error TS2339: Property 'logout' does not exist on type 'unknown'.
src/components/PersonalForm.tsx(1,1): error TS6133: 'React' is declared but its value is never read.
src/components/PersonalForm.tsx(3,25): error TS7031: Binding element 'resumeData' implicitly has an 'any' type.
src/components/PersonalForm.tsx(3,37): error TS7031: Binding element 'handleChange' implicitly has an 'any' type.
src/components/ProtectedRoute.tsx(1,8): error TS6133: 'React' is declared but its value is never read.
src/components/ProtectedRoute.tsx(5,27): error TS7031: Binding element 'children' implicitly has an 'any' type.
src/components/ProtectedRoute.tsx(6,11): error TS2339: Property 'user' does not exist on type 'unknown'.
src/components/ProtectedRoute.tsx(6,17): error TS2339: Property 'loading' does not exist on type 'unknown'.
src/context/AuthContext.tsx(1,8): error TS6133: 'React' is declared but its value is never read.
src/context/AuthContext.tsx(5,28): error TS2554: Expected 1 arguments, but got 0.
src/context/AuthContext.tsx(7,32): error TS7031: Binding element 'children' implicitly has an 'any' type.
src/context/AuthContext.tsx(21,24): error TS7006: Parameter 'email' implicitly has an 'any' type.
src/context/AuthContext.tsx(21,31): error TS7006: Parameter 'password' implicitly has an 'any' type.
src/context/AuthContext.tsx(32,13): error TS18046: 'error' is of type 'unknown'.
src/context/AuthContext.tsx(38,27): error TS7006: Parameter 'name' implicitly has an 'any' type.
src/context/AuthContext.tsx(38,33): error TS7006: Parameter 'email' implicitly has an 'any' type.
src/context/AuthContext.tsx(38,40): error TS7006: Parameter 'password' implicitly has an 'any' type.
src/context/AuthContext.tsx(48,13): error TS18046: 'error' is of type 'unknown'.
src/main.tsx(6,12): error TS2345: Argument of type 'HTMLElement | null' is not assignable to parameter of type 'Container'.
  Type 'null' is not assignable to type 'Container'.
src/pages/Dashboard.tsx(1,8): error TS6133: 'React' is declared but its value is never read.
src/pages/Dashboard.tsx(8,11): error TS2339: Property 'user' does not exist on type 'unknown'.
src/pages/Dashboard.tsx(24,31): error TS7006: Parameter 'id' implicitly has an 'any' type.
src/pages/Dashboard.tsx(29,54): error TS2339: Property '_id' does not exist on type 'never'.
src/pages/Dashboard.tsx(36,23): error TS7006: Parameter 'resume' implicitly has an 'any' type.
src/pages/Dashboard.tsx(58,32): error TS2339: Property '_id' does not exist on type 'never'.
src/pages/Dashboard.tsx(60,84): error TS2339: Property 'firstName' does not exist on type 'never'.
src/pages/Dashboard.tsx(60,103): error TS2339: Property 'lastName' does not exist on type 'never'.
src/pages/Dashboard.tsx(61,69): error TS2339: Property 'email' does not exist on type 'never'.
src/pages/Dashboard.tsx(63,38): error TS2339: Property 'createdAt' does not exist on type 'never'.
src/pages/Dashboard.tsx(75,56): error TS2339: Property '_id' does not exist on type 'never'.
src/pages/Home.tsx(1,1): error TS6133: 'React' is declared but its value is never read.
src/pages/Login.tsx(1,8): error TS6133: 'React' is declared but its value is never read.
src/pages/Login.tsx(9,11): error TS2339: Property 'login' does not exist on type 'unknown'.
src/pages/Login.tsx(12,31): error TS7006: Parameter 'e' implicitly has an 'any' type.
src/pages/Register.tsx(1,8): error TS6133: 'React' is declared but its value is never read.
src/pages/Register.tsx(10,11): error TS2339: Property 'register' does not exist on type 'unknown'.
src/pages/Register.tsx(13,31): error TS7006: Parameter 'e' implicitly has an 'any' type.
src/pages/ResumeEditor.tsx(1,8): error TS6133: 'React' is declared but its value is never read.
src/pages/ResumeEditor.tsx(18,11): error TS2339: Property 'user' does not exist on type 'unknown'.
src/pages/ResumeEditor.tsx(46,25): error TS7006: Parameter 'e' implicitly has an 'any' type.
src/pages/ResumeEditor.tsx(48,35): error TS7006: Parameter 'e' implicitly has an 'any' type.
src/pages/ResumeEditor.tsx(48,38): error TS7006: Parameter 'index' implicitly has an 'any' type.
src/pages/ResumeEditor.tsx(50,5): error TS7053: Element implicitly has an 'any' type because expression of type 'any' can't be used to index type '{ title: string; company: string; description: string; }'.
src/pages/ResumeEditor.tsx(54,29): error TS7006: Parameter 'i' implicitly has an 'any' type.
src/pages/ResumeEditor.tsx(60,34): error TS7006: Parameter 'e' implicitly has an 'any' type.
src/pages/ResumeEditor.tsx(60,37): error TS7006: Parameter 'index' implicitly has an 'any' type.
src/pages/ResumeEditor.tsx(62,5): error TS7053: Element implicitly has an 'any' type because expression of type 'any' can't be used to index type '{ school: string; degree: string; year: string; }'.
src/pages/ResumeEditor.tsx(66,28): error TS7006: Parameter 'i' implicitly has an 'any' type.
src/utils/pdfGenerator.ts(1,21): error TS7016: Could not find a declaration file for module 'pdfmake/build/pdfmake'. 'D:/Projects/resume-builder/resume-builder-frontend/node_modules/pdfmake/build/pdfmake.js' implicitly has an 'any' type.
  Try `npm i --save-dev @types/pdfmake` if it exists or add a new declaration (.d.ts) file containing `declare module 'pdfmake/build/pdfmake';`
src/utils/pdfGenerator.ts(2,22): error TS7016: Could not find a declaration file for module 'pdfmake/build/vfs_fonts'. 'D:/Projects/resume-builder/resume-builder-frontend/node_modules/pdfmake/build/vfs_fonts.js' implicitly has an 'any' type.
  Try `npm i --save-dev @types/pdfmake` if it exists or add a new declaration (.d.ts) file containing `declare module 'pdfmake/build/vfs_fonts';`
src/utils/pdfGenerator.ts(13,31): error TS7006: Parameter 'resumeData' implicitly has an 'any' type.
src/utils/pdfGenerator.ts(21,36): error TS7006: Parameter 'exp' implicitly has an 'any' type.
src/utils/pdfGenerator.ts(29,35): error TS7006: Parameter 'edu' implicitly has an 'any' type.
src/utils/pdfGenerator.ts(42,30): error TS7006: Parameter 'resumeData' implicitly has an 'any' type.
src/utils/pdfGenerator.ts(65,43): error TS7006: Parameter 'edu' implicitly has an 'any' type.
src/utils/pdfGenerator.ts(76,44): error TS7006: Parameter 'exp' implicitly has an 'any' type.
src/utils/pdfGenerator.ts(96,35): error TS7006: Parameter 'resumeData' implicitly has an 'any' type.
src/utils/pdfGenerator.ts(96,47): error TS7006: Parameter 'template' implicitly has an 'any' type.
