src/App.tsx(1,1): error TS6133: 'React' is declared but its value is never read.
src/components/Navbar.tsx(1,1): error TS6133: 'React' is declared but its value is never read.
src/main.tsx(6,12): error TS2345: Argument of type 'HTMLElement | null' is not assignable to parameter of type 'Container'.
  Type 'null' is not assignable to type 'Container'.
src/pages/Dashboard.tsx(1,8): error TS6133: 'React' is declared but its value is never read.
src/pages/Dashboard.tsx(80,49): error TS2345: Argument of type 'string | undefined' is not assignable to parameter of type 'string'.
  Type 'undefined' is not assignable to type 'string'.
src/pages/Home.tsx(1,1): error TS6133: 'React' is declared but its value is never read.
src/pages/ResumeEditor.tsx(9,18): error TS6133: 'Experience' is declared but its value is never read.
src/pages/ResumeEditor.tsx(9,30): error TS6133: 'Education' is declared but its value is never read.
